<?xml version="1.0" encoding="UTF-8"?>
<!-- Generated by org.testng.reporters.JUnitReportReporter -->
<testsuite hostname="LAPTOP-FL97G1RP" failures="0" tests="1" name="com.qa.testcases.LoginAndSearchPrd" time="12.340" errors="0" timestamp="2023-07-08T17:37:16 IST" skipped="0">
  <testcase classname="com.qa.testcases.LoginAndSearchPrd" name="searchAProduct" time="12.340"/>
  <system-out/>
</testsuite> <!-- com.qa.testcases.LoginAndSearchPrd -->
